-------------------------------------------------------------------------------
Test set: com.example.springbackendprac.SpringbackendpracApplicationTests
-------------------------------------------------------------------------------
Tests run: 1, Failures: 0, Errors: 1, Skipped: 0, Time elapsed: 5.627 s <<< FAILURE! - in com.example.springbackendprac.SpringbackendpracApplicationTests
contextLoads  Time elapsed: 0.027 s  <<< ERROR!
java.lang.IllegalStateException: Failed to load ApplicationContext for [WebMergedContextConfiguration@52dd1be2 testClass = com.example.springbackendprac.SpringbackendpracApplicationTests, locations = [], classes = [com.example.springbackendprac.SpringbackendpracApplication], contextInitializerClasses = [], activeProfiles = [], propertySourceLocations = [], propertySourceProperties = ["org.springframework.boot.test.context.SpringBootTestContextBootstrapper=true"], contextCustomizers = [org.springframework.boot.test.context.filter.ExcludeFilterContextCustomizer@29215f06, org.springframework.boot.test.json.DuplicateJsonObjectContextCustomizerFactory$DuplicateJsonObjectContextCustomizer@13fd2ccd, org.springframework.boot.test.mock.mockito.MockitoContextCustomizer@0, org.springframework.boot.test.web.client.TestRestTemplateContextCustomizer@2e3967ea, org.springframework.boot.test.autoconfigure.actuate.observability.ObservabilityContextCustomizerFactory$DisableObservabilityContextCustomizer@1f, org.springframework.boot.test.autoconfigure.properties.PropertyMappingContextCustomizer@0, org.springframework.boot.test.autoconfigure.web.servlet.WebDriverContextCustomizerFactory$Customizer@750e2b97, org.springframework.boot.test.context.SpringBootTestAnnotation@be419ecf], resourceBasePath = "src/main/webapp", contextLoader = org.springframework.boot.test.context.SpringBootContextLoader, parent = null]
Caused by: org.springframework.beans.factory.UnsatisfiedDependencyException: Error creating bean with name 'userController' defined in file [C:\Users\KIIT\Desktop\springbackendprac\target\classes\com\example\springbackendprac\controller\UserController.class]: Unsatisfied dependency expressed through constructor parameter 0: Error creating bean with name 'userService' defined in file [C:\Users\KIIT\Desktop\springbackendprac\target\classes\com\example\springbackendprac\services\UserService.class]: Unsatisfied dependency expressed through constructor parameter 0: Error creating bean with name 'userRepository' defined in com.example.springbackendprac.repository.UserRepository defined in @EnableJpaRepositories declared on JpaRepositoriesRegistrar.EnableJpaRepositoriesConfiguration: Could not create query for public abstract com.example.springbackendprac.model.LoggedinUser com.example.springbackendprac.repository.UserRepository.findByUsername(java.lang.String); Reason: Failed to create query for method public abstract com.example.springbackendprac.model.LoggedinUser com.example.springbackendprac.repository.UserRepository.findByUsername(java.lang.String); No property 'username' found for type 'LoggedinUser'
Caused by: org.springframework.beans.factory.UnsatisfiedDependencyException: Error creating bean with name 'userService' defined in file [C:\Users\KIIT\Desktop\springbackendprac\target\classes\com\example\springbackendprac\services\UserService.class]: Unsatisfied dependency expressed through constructor parameter 0: Error creating bean with name 'userRepository' defined in com.example.springbackendprac.repository.UserRepository defined in @EnableJpaRepositories declared on JpaRepositoriesRegistrar.EnableJpaRepositoriesConfiguration: Could not create query for public abstract com.example.springbackendprac.model.LoggedinUser com.example.springbackendprac.repository.UserRepository.findByUsername(java.lang.String); Reason: Failed to create query for method public abstract com.example.springbackendprac.model.LoggedinUser com.example.springbackendprac.repository.UserRepository.findByUsername(java.lang.String); No property 'username' found for type 'LoggedinUser'
Caused by: org.springframework.beans.factory.BeanCreationException: Error creating bean with name 'userRepository' defined in com.example.springbackendprac.repository.UserRepository defined in @EnableJpaRepositories declared on JpaRepositoriesRegistrar.EnableJpaRepositoriesConfiguration: Could not create query for public abstract com.example.springbackendprac.model.LoggedinUser com.example.springbackendprac.repository.UserRepository.findByUsername(java.lang.String); Reason: Failed to create query for method public abstract com.example.springbackendprac.model.LoggedinUser com.example.springbackendprac.repository.UserRepository.findByUsername(java.lang.String); No property 'username' found for type 'LoggedinUser'
Caused by: org.springframework.data.repository.query.QueryCreationException: Could not create query for public abstract com.example.springbackendprac.model.LoggedinUser com.example.springbackendprac.repository.UserRepository.findByUsername(java.lang.String); Reason: Failed to create query for method public abstract com.example.springbackendprac.model.LoggedinUser com.example.springbackendprac.repository.UserRepository.findByUsername(java.lang.String); No property 'username' found for type 'LoggedinUser'
Caused by: java.lang.IllegalArgumentException: Failed to create query for method public abstract com.example.springbackendprac.model.LoggedinUser com.example.springbackendprac.repository.UserRepository.findByUsername(java.lang.String); No property 'username' found for type 'LoggedinUser'
Caused by: org.springframework.data.mapping.PropertyReferenceException: No property 'username' found for type 'LoggedinUser'

